<?xml version="1.0" encoding="UTF-8"?>
<!-- Generated by org.testng.reporters.JUnitReportReporter -->
<testsuite skipped="0" hostname="admin-PC" name="MyScripts.AuthenticationPage" tests="1" failures="0" timestamp="25 Feb 2019 05:00:36 GMT" time="35.619" errors="0">
  <testcase name="authBrowserSetUpTest" time="35.619" classname="MyScripts.AuthenticationPage"/>
</testsuite> <!-- MyScripts.AuthenticationPage -->
