<?xml version="1.0" encoding="UTF-8"?>
<!-- Generated by org.testng.reporters.JUnitReportReporter -->
<testsuite skipped="2" hostname="admin-PC" name="MyScripts.masterUserPackage.OrganizationTests" tests="3" failures="0" timestamp="06 Mar 2019 09:24:50 GMT" time="0.104" errors="0">
  <testcase name="addOrganizationTest" time="0.104" classname="MyScripts.masterUserPackage.OrganizationTests"/>
  <testcase name="filterOrganization" classname="MyScripts.masterUserPackage.OrganizationTests">
    <skipped/>
  </testcase> <!-- filterOrganization -->
  <testcase name="searchOrganization" classname="MyScripts.masterUserPackage.OrganizationTests">
    <skipped/>
  </testcase> <!-- searchOrganization -->
</testsuite> <!-- MyScripts.masterUserPackage.OrganizationTests -->
