<?xml version="1.0" encoding="UTF-8"?>
<!-- Generated by org.testng.reporters.JUnitReportReporter -->
<testsuite skipped="1" hostname="admin-PC" name="MyScripts.AuthenticationTest" tests="2" failures="0" timestamp="06 Mar 2019 05:39:33 GMT" time="10.350" errors="0">
  <testcase name="loginWithEmailTest" time="10.350" classname="MyScripts.AuthenticationTest"/>
  <testcase name="loginWithMobileTest" classname="MyScripts.AuthenticationTest">
    <skipped/>
  </testcase> <!-- loginWithMobileTest -->
</testsuite> <!-- MyScripts.AuthenticationTest -->
