<?xml version="1.0" encoding="UTF-8"?>
<!-- Generated by org.testng.reporters.JUnitReportReporter -->
<testsuite skipped="0" hostname="admin-PC" name="Authentication.LoginPage" tests="3" failures="0" timestamp="21 Feb 2019 10:45:35 GMT" time="11.009" errors="0">
  <testcase name="loginWithEmail" time="2.534" classname="Authentication.LoginPage"/>
  <testcase name="LogOut" time="7.811" classname="Authentication.LoginPage"/>
  <testcase name="tearDown" time="0.664" classname="Authentication.LoginPage"/>
</testsuite> <!-- Authentication.LoginPage -->
