<?xml version="1.0" encoding="UTF-8"?>
<!-- Generated by org.testng.reporters.JUnitReportReporter -->
<testsuite skipped="0" hostname="admin-PC" name="MyScripts.masterUserAdminPanel.OrganizationTests" tests="1" failures="0" timestamp="27 Feb 2019 09:58:46 GMT" time="11.751" errors="0">
  <testcase name="addOrganizationTest" time="11.751" classname="MyScripts.masterUserAdminPanel.OrganizationTests"/>
</testsuite> <!-- MyScripts.masterUserAdminPanel.OrganizationTests -->
