<?xml version="1.0" encoding="UTF-8"?>
<!-- Generated by org.testng.reporters.JUnitReportReporter -->
<testsuite skipped="0" hostname="admin-PC" name="Authentication.AppTest" tests="1" failures="0" timestamp="20 Feb 2019 10:31:25 GMT" time="17.268" errors="0">
  <testcase name="LaunchWithLogin" time="17.268" classname="Authentication.AppTest"/>
</testsuite> <!-- Authentication.AppTest -->
